[0.039s] Invoking command in '/home/asenties/personal/practice/uav-ros2/build/flight_stabilization': CMAKE_PREFIX_PATH=/opt/ros/foxy /usr/bin/cmake /home/asenties/personal/practice/uav-ros2/src/flight_stabilization -DAMENT_CMAKE_SYMLINK_INSTALL=1 -DCMAKE_INSTALL_PREFIX=/home/asenties/personal/practice/uav-ros2/install/flight_stabilization
[0.521s] -- The C compiler identification is GNU 9.4.0
[1.068s] -- The CXX compiler identification is GNU 9.4.0
[1.231s] -- Check for working C compiler: /usr/bin/cc
[1.488s] -- Check for working C compiler: /usr/bin/cc -- works
[1.491s] -- Detecting C compiler ABI info
[1.732s] -- Detecting C compiler ABI info - done
[1.747s] -- Detecting C compile features
[1.747s] -- Detecting C compile features - done
[1.753s] -- Check for working CXX compiler: /usr/bin/c++
[2.015s] -- Check for working CXX compiler: /usr/bin/c++ -- works
[2.017s] -- Detecting CXX compiler ABI info
[2.290s] -- Detecting CXX compiler ABI info - done
[2.304s] -- Detecting CXX compile features
[2.305s] -- Detecting CXX compile features - done
[2.319s] -- Found ament_cmake: 0.9.12 (/opt/ros/foxy/share/ament_cmake/cmake)
[2.367s] -- Found PythonInterp: /usr/bin/python3 (found suitable version "3.8.10", minimum required is "3") 
[2.367s] -- Using PYTHON_EXECUTABLE: /usr/bin/python3
[2.613s] -- Override CMake install command with custom implementation using symlinks instead of copying resources
[2.681s] -- Found rclcpp: 2.4.3 (/opt/ros/foxy/share/rclcpp/cmake)
[3.013s] -- Using all available rosidl_typesupport_c: rosidl_typesupport_fastrtps_c;rosidl_typesupport_introspection_c
[3.032s] -- Found rosidl_adapter: 1.3.1 (/opt/ros/foxy/share/rosidl_adapter/cmake)
[4.728s] -- Found OpenSSL: /usr/lib/x86_64-linux-gnu/libcrypto.so (found version "1.1.1f")  
[6.383s] -- Found FastRTPS: /opt/ros/foxy/include  
[9.515s] -- Using all available rosidl_typesupport_cpp: rosidl_typesupport_fastrtps_cpp;rosidl_typesupport_introspection_cpp
[9.632s] -- Found rmw_implementation_cmake: 1.0.4 (/opt/ros/foxy/share/rmw_implementation_cmake/cmake)
[9.636s] -- Using RMW implementation 'rmw_fastrtps_cpp' as default
[9.640s] -- Looking for pthread.h
[9.907s] -- Looking for pthread.h - found
[9.907s] -- Performing Test CMAKE_HAVE_LIBC_PTHREAD
[10.150s] -- Performing Test CMAKE_HAVE_LIBC_PTHREAD - Failed
[10.150s] -- Looking for pthread_create in pthreads
[10.388s] -- Looking for pthread_create in pthreads - not found
[10.388s] -- Looking for pthread_create in pthread
[10.638s] -- Looking for pthread_create in pthread - found
[10.640s] -- Found Threads: TRUE  
[10.898s] -- Found ament_lint_auto: 0.9.8 (/opt/ros/foxy/share/ament_lint_auto/cmake)
[11.057s] -- Added test 'copyright' to check source files copyright and LICENSE
[11.066s] -- Added test 'lint_cmake' to check CMake code style
[11.073s] -- Added test 'xmllint' to check XML markup files
[11.084s] -- Configuring done
[11.095s] -- Generating done
[11.100s] -- Build files have been written to: /home/asenties/personal/practice/uav-ros2/build/flight_stabilization
[11.115s] Invoked command in '/home/asenties/personal/practice/uav-ros2/build/flight_stabilization' returned '0': CMAKE_PREFIX_PATH=/opt/ros/foxy /usr/bin/cmake /home/asenties/personal/practice/uav-ros2/src/flight_stabilization -DAMENT_CMAKE_SYMLINK_INSTALL=1 -DCMAKE_INSTALL_PREFIX=/home/asenties/personal/practice/uav-ros2/install/flight_stabilization
[11.122s] Invoking command in '/home/asenties/personal/practice/uav-ros2/build/flight_stabilization': CMAKE_PREFIX_PATH=/opt/ros/foxy /usr/bin/cmake --build /home/asenties/personal/practice/uav-ros2/build/flight_stabilization -- -j16 -l16
[11.215s] Invoked command in '/home/asenties/personal/practice/uav-ros2/build/flight_stabilization' returned '0': CMAKE_PREFIX_PATH=/opt/ros/foxy /usr/bin/cmake --build /home/asenties/personal/practice/uav-ros2/build/flight_stabilization -- -j16 -l16
[11.244s] Invoking command in '/home/asenties/personal/practice/uav-ros2/build/flight_stabilization': CMAKE_PREFIX_PATH=/opt/ros/foxy /usr/bin/cmake --install /home/asenties/personal/practice/uav-ros2/build/flight_stabilization
[11.260s] -- Install configuration: ""
[11.261s] -- Execute custom install script
[11.266s] -- Symlinking: /home/asenties/personal/practice/uav-ros2/install/flight_stabilization/share/ament_index/resource_index/package_run_dependencies/flight_stabilization
[11.289s] -- Symlinking: /home/asenties/personal/practice/uav-ros2/install/flight_stabilization/share/ament_index/resource_index/parent_prefix_path/flight_stabilization
[11.309s] -- Symlinking: /home/asenties/personal/practice/uav-ros2/install/flight_stabilization/share/flight_stabilization/environment/ament_prefix_path.sh
[11.328s] -- Symlinking: /home/asenties/personal/practice/uav-ros2/install/flight_stabilization/share/flight_stabilization/environment/ament_prefix_path.dsv
[11.348s] -- Symlinking: /home/asenties/personal/practice/uav-ros2/install/flight_stabilization/share/flight_stabilization/environment/path.sh
[11.368s] -- Symlinking: /home/asenties/personal/practice/uav-ros2/install/flight_stabilization/share/flight_stabilization/environment/path.dsv
[11.389s] -- Symlinking: /home/asenties/personal/practice/uav-ros2/install/flight_stabilization/share/flight_stabilization/local_setup.bash
[11.407s] -- Symlinking: /home/asenties/personal/practice/uav-ros2/install/flight_stabilization/share/flight_stabilization/local_setup.sh
[11.425s] -- Symlinking: /home/asenties/personal/practice/uav-ros2/install/flight_stabilization/share/flight_stabilization/local_setup.zsh
[11.445s] -- Symlinking: /home/asenties/personal/practice/uav-ros2/install/flight_stabilization/share/flight_stabilization/local_setup.dsv
[11.463s] -- Symlinking: /home/asenties/personal/practice/uav-ros2/install/flight_stabilization/share/flight_stabilization/package.dsv
[11.484s] -- Symlinking: /home/asenties/personal/practice/uav-ros2/install/flight_stabilization/share/ament_index/resource_index/packages/flight_stabilization
[11.504s] -- Symlinking: /home/asenties/personal/practice/uav-ros2/install/flight_stabilization/share/flight_stabilization/cmake/flight_stabilizationConfig.cmake
[11.522s] -- Symlinking: /home/asenties/personal/practice/uav-ros2/install/flight_stabilization/share/flight_stabilization/cmake/flight_stabilizationConfig-version.cmake
[11.541s] -- Symlinking: /home/asenties/personal/practice/uav-ros2/install/flight_stabilization/share/flight_stabilization/package.xml
[11.564s] Invoked command in '/home/asenties/personal/practice/uav-ros2/build/flight_stabilization' returned '0': CMAKE_PREFIX_PATH=/opt/ros/foxy /usr/bin/cmake --install /home/asenties/personal/practice/uav-ros2/build/flight_stabilization
